<?xml version="1.0" encoding="utf-8"?><testsuites name="pytest tests"><testsuite name="pytest" errors="0" failures="0" skipped="0" tests="3" time="1.207" timestamp="2026-09-11T22:25:21.593929+00:00" hostname="agent-env-c3530703-9efa-4c4d-b0d5-e22f760ad9af"><testcase classname="tests.test_api" name="test_root_endpoint" time="0.314" /><testcase classname="tests.test_api" name="test_health_endpoint" time="0.166" /><testcase classname="tests.test_api" name="test_cors_permissive" time="0.153" /></testsuite></testsuites>